<?xml version="1.0" encoding="UTF-8"?>
<testsuite name="FriendshipsHamcrestTest" tests="9" skipped="0" failures="0" errors="0" timestamp="2020-03-23T13:14:27" hostname="LAPTOP-I1ADN5DE" time="0.04">
  <properties/>
  <testcase name="givenEmptyFriendList()" classname="FriendshipsHamcrestTest" time="0.01"/>
  <testcase name="theyAreFriendsTest()" classname="FriendshipsHamcrestTest" time="0.008"/>
  <testcase name="theyAreNotFriendsTest()" classname="FriendshipsHamcrestTest" time="0.0"/>
  <testcase name="checkSizeTest()" classname="FriendshipsHamcrestTest" time="0.003"/>
  <testcase name="givenNullFriends()" classname="FriendshipsHamcrestTest" time="0.001"/>
  <testcase name="givenFourFriends()" classname="FriendshipsHamcrestTest" time="0.003"/>
  <testcase name="givenTwoFriends()" classname="FriendshipsHamcrestTest" time="0.001"/>
  <testcase name="makeNullFriends()" classname="FriendshipsHamcrestTest" time="0.001"/>
  <testcase name="makeFriendsTest()" classname="FriendshipsHamcrestTest" time="0.001"/>
  <system-out><![CDATA[]]></system-out>
  <system-err><![CDATA[]]></system-err>
</testsuite>
