<?xml version="1.0" encoding="UTF-8"?>
<testsuite name="FriendShipsAssertJTest" tests="9" skipped="0" failures="0" errors="0" timestamp="2020-03-23T13:05:32" hostname="LAPTOP-I1ADN5DE" time="0.083">
  <properties/>
  <testcase name="givenEmptyFriendList()" classname="FriendShipsAssertJTest" time="0.058"/>
  <testcase name="theyAreFriendsTest()" classname="FriendShipsAssertJTest" time="0.002"/>
  <testcase name="theyAreNotFriendsTest()" classname="FriendShipsAssertJTest" time="0.0"/>
  <testcase name="checkSizeTest()" classname="FriendShipsAssertJTest" time="0.009"/>
  <testcase name="givenNullFriends()" classname="FriendShipsAssertJTest" time="0.001"/>
  <testcase name="givenFourFriends()" classname="FriendShipsAssertJTest" time="0.001"/>
  <testcase name="givenTwoFriends()" classname="FriendShipsAssertJTest" time="0.001"/>
  <testcase name="makeNullFriends()" classname="FriendShipsAssertJTest" time="0.001"/>
  <testcase name="makeFriendsTest()" classname="FriendShipsAssertJTest" time="0.001"/>
  <system-out><![CDATA[]]></system-out>
  <system-err><![CDATA[]]></system-err>
</testsuite>
